<?xml version="1.0" encoding="UTF-8"?>
<!-- Generated by org.testng.reporters.JUnitReportReporter -->
<testsuite hostname="FJOSEBAB1" failures="0" tests="4" name="com.thetestingacademy.APIAutomationFrameworkATB9x.Tests.Sample.TestIntegrationSample" time="0.202" errors="0" timestamp="2024-12-24T23:04:53 IST" skipped="0">
  <testcase classname="com.thetestingacademy.APIAutomationFrameworkATB9x.Tests.Sample.TestIntegrationSample" name="testCreateBooking" time="0.174"/>
  <system-out/>
  <testcase classname="com.thetestingacademy.APIAutomationFrameworkATB9x.Tests.Sample.TestIntegrationSample" name="testVerifyBookingId" time="0.007"/>
  <system-out/>
  <testcase classname="com.thetestingacademy.APIAutomationFrameworkATB9x.Tests.Sample.TestIntegrationSample" name="testUpdateBookingByID" time="0.012"/>
  <system-out/>
  <testcase classname="com.thetestingacademy.APIAutomationFrameworkATB9x.Tests.Sample.TestIntegrationSample" name="testDeleteBookingById" time="0.009"/>
  <system-out/>
</testsuite> <!-- com.thetestingacademy.APIAutomationFrameworkATB9x.Tests.Sample.TestIntegrationSample -->
