<?xml version="1.0" encoding="UTF-8"?>
<!-- Generated by org.testng.reporters.JUnitReportReporter -->
<testsuite hostname="FJOSEBAB1" failures="0" tests="4" name="com.thetestingacademy.APIAutomationFrameworkATB9x.Tests.integration.TestIntegrationFlow" time="7.712" errors="0" timestamp="2024-12-27T23:10:29 IST" skipped="0">
  <testcase classname="com.thetestingacademy.APIAutomationFrameworkATB9x.Tests.integration.TestIntegrationFlow" name="testCreateBooking" time="2.894"/>
  <system-out/>
  <testcase classname="com.thetestingacademy.APIAutomationFrameworkATB9x.Tests.integration.TestIntegrationFlow" name="testVerifyBookingId" time="1.266"/>
  <system-out/>
  <testcase classname="com.thetestingacademy.APIAutomationFrameworkATB9x.Tests.integration.TestIntegrationFlow" name="testUpdateBookingByID" time="2.418"/>
  <system-out/>
  <testcase classname="com.thetestingacademy.APIAutomationFrameworkATB9x.Tests.integration.TestIntegrationFlow" name="testDeleteBookingById" time="1.134"/>
  <system-out/>
</testsuite> <!-- com.thetestingacademy.APIAutomationFrameworkATB9x.Tests.integration.TestIntegrationFlow -->
